Hỏi về nhận dạng array ở stage 1 Long Potter wrote: Cái này thì bó tay, lẽ ra nó phải ra Error message chứ nhỉ? Mình nghĩ chỗ này parser thành công chứ nhỉ ? class ArrayLiteralPT(val ele: List[LiteralPT]) extends LiteralPT {   override def toString = "[" + (if (!ele.isEmpty) (ele.head.toString /: ele.tail)(_ + ";" + _) else "") + "]" } //đâu có nhận identTestcase cho stage 2 Trong stage này mình không kiểm tran kiểu, nhưng theo đặc tả cảu Crazy thì không có expr kiểu String , vậy có 1 + 2 + 'abc' có parser được hay không? function testExpr(a: real;b,c,d:array[3,2,1] of real):array[1,2,3] of real; begin v1:=1+true+false+'abc'+[1;2;3]+a+a[0]+a[0,1]; end;Re:Testcase cho stage 2 Scala ^^  wrote: expr có const, mà const gồm có string mà bạn Thanks, chắc làm theo số đông thôi. Còn break|continue bạn có kiểm tra không hay bỏ vô stmt luôn?Re:Testcase cho stage 2 Scala ^^  wrote: giai đoạn này thầy nói k kiểm tra cái đó, mình bỏ vô stmt luôn Đặc tả mơ hồ quá ^^. Cảm ơn bạn nhéNhững ký tự sử dụng trong String Tuan Vu Quang wrote: Cũng vậy, mình có thử rồi Bây giờ nếu input chỉ có số thì ok, nếu có cả chữ và số thì nó đơ ^(\n) thoi banRe:Mọi người test thử chuổi này xem Hỏi về Array Type và Array Element Theo van Nasregas wrote: Đã sửa lại code như Just a Tee gợi ý, mà vẫn là parse lỗi  :-ss ("array" ~> "[" ~> rep1sep(intLiteral,",") <~ "]" <~ "of") ~ (primitiveType)^^ {...}Re:Hỏi về các hàm NumericLit, Boolean, FloatLit, processIdent,.. Vo Thanh Hung wrote: Các em không cần làm gì đối với 2 hàm đó cả. Tuy nhiên, chú ý là true, false là 2 từ khóa vì vậy không được nhận dạng và xử lý riêng. (hàm BooleanLit sẽ không sử dụng) Vậy khi chạy nếu gặp true hoặc false thì mình xuất ra identifier true hay chỉ đơn thuần là trueNhờ anh HÙng chỉ giúp Mình đã làm bài trên eclipse và build/chạy bình thườngnhưng khi copy thư mục assignment sang Ubuntu để deploy bằng lệnh scalac *.scala thì bị báo lỗi sau: Crazy2011.scala:148: error: empty character literal if ((x.last == y) && (y.equals('''))) x else if (y.equals('"')) x + "\"\"" else x + y ^ Crazy2011.scala:148: error: missing terminating quote if ((x.last == y) && (y.equals('''))) x else if (y.equals('"')) x + "\"\"" else x + y ^ Crazy2011.scala:149: error: ')' expected but '}' found. } ^ TestToken.scala:34: error: block must end in result expression, not in definition } ^ four errors found Mặc dù đã test với thư mục hoàn toàn mới download từ modules vẫn bị tình trạng trên. Mong anh Hùng hoặc bạn nào đã có kinh nghiệm với chuyện này chỉ giúp mình với.Re:Nhờ anh HÙng chỉ giúp Ngan Tuyet wrote: Mình đã gặp lỗi này, do ubuntu cài phiên bản cũ scala. Bạn update scala lên 2.9.1 mới nhất là ok. Thank bạn nhé :)